
 Ansys Mechanical Enterprise                       


 *------------------------------------------------------------------*
 |                                                                  |
 |   W E L C O M E   T O   T H E   A N S Y S (R)  P R O G R A M     |
 |                                                                  |
 *------------------------------------------------------------------*




 ***************************************************************
 *         ANSYS MAPDL 2023 R1          LEGAL NOTICES          *
 ***************************************************************
 *                                                             *
 * Copyright 1971-2023 Ansys, Inc.  All rights reserved.       *
 * Unauthorized use, distribution or duplication is            *
 * prohibited.                                                 *
 *                                                             *
 * Ansys is a registered trademark of Ansys, Inc. or its       *
 * subsidiaries in the United States or other countries.       *
 * See the Ansys, Inc. online documentation or the Ansys, Inc. *
 * documentation CD or online help for the complete Legal      *
 * Notice.                                                     *
 *                                                             *
 ***************************************************************
 *                                                             *
 * THIS ANSYS SOFTWARE PRODUCT AND PROGRAM DOCUMENTATION       *
 * INCLUDE TRADE SECRETS AND CONFIDENTIAL AND PROPRIETARY      *
 * PRODUCTS OF ANSYS, INC., ITS SUBSIDIARIES, OR LICENSORS.    *
 * The software products and documentation are furnished by    *
 * Ansys, Inc. or its subsidiaries under a software license    *
 * agreement that contains provisions concerning               *
 * non-disclosure, copying, length and nature of use,          *
 * compliance with exporting laws, warranties, disclaimers,    *
 * limitations of liability, and remedies, and other           *
 * provisions.  The software products and documentation may be *
 * used, disclosed, transferred, or copied only in accordance  *
 * with the terms and conditions of that software license      *
 * agreement.                                                  *
 *                                                             *
 * Ansys, Inc. is a UL registered                              *
 * ISO 9001:2015 company.                                      *
 *                                                             *
 ***************************************************************
 *                                                             *
 * This product is subject to U.S. laws governing export and   *
 * re-export.                                                  *
 *                                                             *
 * For U.S. Government users, except as specifically granted   *
 * by the Ansys, Inc. software license agreement, the use,     *
 * duplication, or disclosure by the United States Government  *
 * is subject to restrictions stated in the Ansys, Inc.        *
 * software license agreement and FAR 12.212 (for non-DOD      *
 * licenses).                                                  *
 *                                                             *
 ***************************************************************

 2023 R1 
     
 Point Releases and Patches installed:   
     
 ANSYS, Inc. License Manager 2023 R1 
 Autodyn 2023 R1 
 SpaceClaim 2023 R1  
 LS-DYNA 2023 R1 
 Motion 2023 R1  
 optiSLang 2023 R1   
 Additive 2023 R1
 Customization Files for User Programmable Features 2023 R1  
 Mechanical Products 2023 R1 
 Material Calibration App 2023 R1
 Remote Solve Manager Standalone Services 2023 R1
 Ansys Sound - SAS 2023 R1   
 Viewer 2023 R1  
 ACIS Geometry Interface 2023 R1 
 AutoCAD Geometry Interface 2023 R1  
 Catia, Version 4 Geometry Interface 2023 R1 
 Catia, Version 5 Geometry Interface 2023 R1 
 Catia, Version 6 Geometry Interface 2023 R1 
 Creo Elements/Direct Modeling Geometry Interface 2023 R1
 Creo Parametric Geometry Interface 2023 R1  
 Inventor Geometry Interface 2023 R1 
 JTOpen Geometry Interface 2023 R1   
 NX Geometry Interface 2023 R1   
 Parasolid Geometry Interface  2023 R1   
 Solid Edge Geometry Interface 2023 R1   
 SOLIDWORKS Geometry Interface 2023 R1   


          *****  MAPDL COMMAND LINE ARGUMENTS  *****
  BATCH MODE REQUESTED (-b)    = NOLIST
  INPUT FILE COPY MODE (-c)    = COPY
  DISTRIBUTED MEMORY PARALLEL REQUESTED
       4 PARALLEL PROCESSES REQUESTED WITH SINGLE THREAD PER PROCESS
    TOTAL OF     4 CORES REQUESTED
  INPUT FILE NAME              = C:\Users\user\AppData\Local\Temp\WB_user_5240_2\_ProjectScratch\Scr2537\dummy.dat
  OUTPUT FILE NAME             = C:\Users\user\AppData\Local\Temp\WB_user_5240_2\_ProjectScratch\Scr2537\solve.out
  MEMORY REQUESTED (MB)        = 1500        
  START-UP FILE MODE           = NOREAD
  STOP FILE MODE               = NOREAD
  DATABASE SIZE REQUESTED (MB) = 1500        

 RELEASE= 2023 R1              BUILD= 23.1      UP20221128   VERSION=WINDOWS x64 
 CURRENT JOBNAME=file0  15:55:05  FEB 16, 2023 CP=      0.125


 PARAMETER _DS_PROGRESS =     999.0000000    

 /INPUT FILE= ds.dat  LINE=       0



 *** NOTE ***                            CP =       0.281   TIME= 15:55:06
 The /CONFIG,NOELDB command is not valid in a distributed memory         
 parallel solution.  Command is ignored.                                 

 *GET  _WALLSTRT  FROM  ACTI  ITEM=TIME WALL  VALUE=  15.9183333    

 TITLE= 
 wbnew--Static Structural (A5)                                                 

  ACT Extensions:
      LSDYNA, 2023.1
      5f463412-bd3e-484b-87e7-cbc0a665e474, wbex
 /COM,     ANSYSMotion, 2023.1
      20180725-3f81-49eb-9f31-41364844c769, wbex
  

 SET PARAMETER DIMENSIONS ON  _WB_PROJECTSCRATCH_DIR
  TYPE=STRI  DIMENSIONS=      248        1        1

 PARAMETER _WB_PROJECTSCRATCH_DIR(1) = C:\Users\user\AppData\Local\Temp\WB_user_5240_2\_ProjectScratch\Scr2537\

 SET PARAMETER DIMENSIONS ON  _WB_SOLVERFILES_DIR
  TYPE=STRI  DIMENSIONS=      248        1        1

 PARAMETER _WB_SOLVERFILES_DIR(1) = C:\Users\user\AppData\Local\Temp\WB_user_5240_2\wbnew_files\dp0\SYS\MECH\

 SET PARAMETER DIMENSIONS ON  _WB_USERFILES_DIR
  TYPE=STRI  DIMENSIONS=      248        1        1

 PARAMETER _WB_USERFILES_DIR(1) = C:\Users\user\AppData\Local\Temp\WB_user_5240_2\wbnew_files\user_files\
 --- Data in consistent NMM units. See Solving Units in the help system for more

 MPA UNITS SPECIFIED FOR INTERNAL    
  LENGTH      = MILLIMETERS (mm)
  MASS        = TONNE (Mg)
  TIME        = SECONDS (sec)
  TEMPERATURE = CELSIUS (C)
  TOFFSET     = 273.0
  FORCE       = NEWTON (N)
  HEAT        = MILLIJOULES (mJ)

 INPUT  UNITS ARE ALSO SET TO MPA 

 *** MAPDL - ENGINEERING ANALYSIS SYSTEM  RELEASE 2023 R1          23.1     ***
 Ansys Mechanical Enterprise                       
 01060365  VERSION=WINDOWS x64   15:55:06  FEB 16, 2023 CP=      0.312

 wbnew--Static Structural (A5)                                                 



          ***** MAPDL ANALYSIS DEFINITION (PREP7) *****
 *********** Nodes for the whole assembly ***********
 *********** Nodes for all Remote Points ***********
 *********** Elements for Body 1 "Solid" ***********
 *********** Send User Defined Coordinate System(s) ***********
 *********** Set Reference Temperature ***********
 *********** Send Materials ***********
 *********** Create Remote Point "Internal Remote Point" ***********
 *********** Construct Remote Displacement ***********
 *** Create a component for all remote displacements ***


 ***** ROUTINE COMPLETED *****  CP =         0.438


 --- Number of total nodes = 8282
 --- Number of contact elements = 144
 --- Number of spring elements = 0
 --- Number of bearing elements = 0
 --- Number of solid elements = 1728
 --- Number of condensed parts = 0
 --- Number of total elements = 1873

 *GET  _WALLBSOL  FROM  ACTI  ITEM=TIME WALL  VALUE=  15.9183333    
 ****************************************************************************
 *************************    SOLUTION       ********************************
 ****************************************************************************

 *****  MAPDL SOLUTION ROUTINE  *****


 PERFORM A STATIC ANALYSIS
  THIS WILL BE A NEW ANALYSIS

 PARAMETER _THICKRATIO =     1.000000000    

 USE PRECONDITIONED CONJUGATE GRADIENT SOLVER
  CONVERGENCE TOLERANCE = 1.00000E-08
  MAXIMUM ITERATION     = NumNode*DofPerNode*  1.0000    

 CONTACT INFORMATION PRINTOUT LEVEL       1

 DO NOT COMBINE ELEMENT MATRIX FILES (.emat) AFTER DISTRIBUTED PARALLEL SOLUTION

 DO NOT COMBINE ELEMENT SAVE DATA FILES (.esav) AFTER DISTRIBUTED PARALLEL SOLUTION

 NLDIAG: Nonlinear diagnostics CONT option is set to ON. 
         Writing frequency : each ITERATION.

 DO NOT SAVE ANY RESTART FILES AT ALL
 ****************************************************
 ******************* SOLVE FOR LS 1 OF 1 ****************

 SPECIFIED CONSTRAINT ROTZ FOR SELECTED NODES         8282 TO        8282 BY           1
 REAL=  0.00000000       IMAG=  0.00000000    

 ACEL=    0.0000      0.0000      9806.6    

 PRINTOUT RESUMED BY /GOP

 USE       1 SUBSTEPS INITIALLY THIS LOAD STEP FOR ALL  DEGREES OF FREEDOM
 FOR AUTOMATIC TIME STEPPING:
   USE      1 SUBSTEPS AS A MAXIMUM
   USE      1 SUBSTEPS AS A MINIMUM

 TIME=  1.0000    

 ERASE THE CURRENT DATABASE OUTPUT CONTROL TABLE.


 WRITE ALL  ITEMS TO THE DATABASE WITH A FREQUENCY OF NONE
   FOR ALL APPLICABLE ENTITIES

 WRITE NSOL ITEMS TO THE DATABASE WITH A FREQUENCY OF ALL 
   FOR ALL APPLICABLE ENTITIES

 WRITE RSOL ITEMS TO THE DATABASE WITH A FREQUENCY OF ALL 
   FOR ALL APPLICABLE ENTITIES

 WRITE EANG ITEMS TO THE DATABASE WITH A FREQUENCY OF ALL 
   FOR ALL APPLICABLE ENTITIES

 WRITE ETMP ITEMS TO THE DATABASE WITH A FREQUENCY OF ALL 
   FOR ALL APPLICABLE ENTITIES

 WRITE VENG ITEMS TO THE DATABASE WITH A FREQUENCY OF ALL 
   FOR ALL APPLICABLE ENTITIES

 WRITE STRS ITEMS TO THE DATABASE WITH A FREQUENCY OF ALL 
   FOR ALL APPLICABLE ENTITIES

 WRITE EPEL ITEMS TO THE DATABASE WITH A FREQUENCY OF ALL 
   FOR ALL APPLICABLE ENTITIES

 WRITE EPPL ITEMS TO THE DATABASE WITH A FREQUENCY OF ALL 
   FOR ALL APPLICABLE ENTITIES

 WRITE CONT ITEMS TO THE DATABASE WITH A FREQUENCY OF ALL 
   FOR ALL APPLICABLE ENTITIES

 *** NOTE ***                            CP =       0.500   TIME= 15:55:06
 Even though no prior convergence specification exists for removal.  The 
 CNVTOL command is still executed for removal of label ENGY.             

 CONVERGENCE BASED ON ENGY IS REMOVED

 *GET  ANSINTER_  FROM  ACTI  ITEM=INT        VALUE=  0.00000000    

 *IF  ANSINTER_                         ( =   0.00000     )  NE  
      0                                 ( =   0.00000     )  THEN    

 *ENDIF

 *** NOTE ***                            CP =       0.562   TIME= 15:55:06
 The automatic domain decomposition logic has selected the MESH domain   
 decomposition method with 4 processes per solution.                     

 *****  MAPDL SOLVE    COMMAND  *****

 *** WARNING ***                         CP =       0.562   TIME= 15:55:06
 Element shape checking is currently inactive.  Issue SHPP,ON or         
 SHPP,WARN to reactivate, if desired.                                    

 *** WARNING ***                         CP =       0.562   TIME= 15:55:06
 The preconditioned conjugate gradient solver (EQSLV,PCG command) only   
 works for fully constrained model.  There are less than 3 constraints   
 in the current model.  The solver has been reset to sparse              
 (EQSLV,SPARSE).                                                         

 *** NOTE ***                            CP =       0.562   TIME= 15:55:06
 The model data was checked and warning messages were found.             
  Please review output or errors file (                                  
 C:\Users\user\AppData\Local\Temp\WB_user_5240_2\_ProjectScratch\Scr2537 
 7\file0.err ) for these warning messages.                               

 *** SELECTION OF ELEMENT TECHNOLOGIES FOR APPLICABLE ELEMENTS ***
      --- GIVE SUGGESTIONS AND RESET THE KEY OPTIONS ---

 ELEMENT TYPE         1 IS SOLID186. KEYOPT(2)=0 IS SUGGESTED AND HAS BEEN RESET.
  KEYOPT(1-12)=    0    0    0    0    0    0    0    0    0    0    0    0



 *** MAPDL - ENGINEERING ANALYSIS SYSTEM  RELEASE 2023 R1          23.1     ***
 Ansys Mechanical Enterprise                       
 01060365  VERSION=WINDOWS x64   15:55:06  FEB 16, 2023 CP=      0.562

 wbnew--Static Structural (A5)                                                 



                       S O L U T I O N   O P T I O N S

   PROBLEM DIMENSIONALITY. . . . . . . . . . . . .3-D                  
   DEGREES OF FREEDOM. . . . . . UX   UY   UZ   ROTX ROTY ROTZ
   ANALYSIS TYPE . . . . . . . . . . . . . . . . .STATIC (STEADY-STATE)
   OFFSET TEMPERATURE FROM ABSOLUTE ZERO . . . . .  273.15    
   EQUATION SOLVER OPTION. . . . . . . . . . . . .SPARSE             
   GLOBALLY ASSEMBLED MATRIX . . . . . . . . . . .SYMMETRIC  

 *** NOTE ***                            CP =       0.562   TIME= 15:55:06
 The conditions for direct assembly have been met.  No .emat or .erot    
 files will be produced.                                                 

 *** NOTE ***                            CP =       0.625   TIME= 15:55:06
 Internal nodes from 8283 to 8283 are created.                           
 1 internal nodes are used for handling degrees of freedom on pilot      
 nodes of rigid target surfaces.                                         

 *** NOTE ***                            CP =       0.625   TIME= 15:55:06
 Internal nodes from 8283 to 8283 are created.                           
 1 internal nodes are used for handling degrees of freedom on pilot      
 nodes of rigid target surfaces.                                         

 *** NOTE ***                            CP =       0.734   TIME= 15:55:06
 Force-distributed-surface identified by real constant set 2 and         
 contact element type 2 has been set up.  The pilot node 8282 is used    
 to apply the force.  Internal MPC will be built.                        
 The used degrees of freedom set is  UX   UY   UZ   ROTX ROTY ROTZ
 Please verify constraints (including rotational degrees of freedom)
  on the pilot node by yourself.
 ****************************************
  
  
  

 *** NOTE ***                            CP =       0.734   TIME= 15:55:06
 Internal nodes from 8283 to 8283 are created.                           
 1 internal nodes are used for handling degrees of freedom on pilot      
 nodes of rigid target surfaces.                                         

  
  
     D I S T R I B U T E D   D O M A I N   D E C O M P O S E R
  
  ...Number of elements: 1873
  ...Number of nodes:    8283
  ...Decompose to 4 CPU domains
  ...Element load balance ratio =     1.000


                      L O A D   S T E P   O P T I O N S

   LOAD STEP NUMBER. . . . . . . . . . . . . . . .     1
   TIME AT END OF THE LOAD STEP. . . . . . . . . .  1.0000    
   NUMBER OF SUBSTEPS. . . . . . . . . . . . . . .     1
   STEP CHANGE BOUNDARY CONDITIONS . . . . . . . .    NO
   INERTIA LOADS                        X           Y           Z 
      ACEL . . . . . . . . . . . .  0.0000      0.0000      9806.6    
   PRINT OUTPUT CONTROLS . . . . . . . . . . . . .NO PRINTOUT
   DATABASE OUTPUT CONTROLS
      ITEM     FREQUENCY   COMPONENT
       ALL       NONE               
      NSOL        ALL               
      RSOL        ALL               
      EANG        ALL               
      ETMP        ALL               
      VENG        ALL               
      STRS        ALL               
      EPEL        ALL               
      EPPL        ALL               
      CONT        ALL               


 SOLUTION MONITORING INFO IS WRITTEN TO FILE= file.mntr                                                                                                                                                                                                                                                           



                         ***********  PRECISE MASS SUMMARY  ***********

   TOTAL RIGID BODY MASS MATRIX ABOUT ORIGIN
               Translational mass               |   Coupled translational/rotational mass
        0.78500E-08    0.0000        0.0000     |     0.0000       0.39250E-08  -0.39250E-08
         0.0000       0.78500E-08    0.0000     |   -0.39250E-08    0.0000       0.39250E-08
         0.0000        0.0000       0.78500E-08 |    0.39250E-08  -0.39250E-08    0.0000    
     ------------------------------------------ | ------------------------------------------
                                                |         Rotational mass (inertia)
                                                |    0.52333E-08  -0.19625E-08  -0.19625E-08
                                                |   -0.19625E-08   0.52333E-08  -0.19625E-08
                                                |   -0.19625E-08  -0.19625E-08   0.52333E-08

   TOTAL MASS = 0.78500E-08
     The mass principal axes coincide with the global Cartesian axes

   CENTER OF MASS (X,Y,Z)=   0.50000       0.50000       0.50000    

   TOTAL INERTIA ABOUT CENTER OF MASS
        0.13083E-08  -0.41359E-24    0.0000    
       -0.41359E-24   0.13083E-08   0.37223E-23
         0.0000       0.37223E-23   0.13083E-08
     The inertia principal axes coincide with the global Cartesian axes


  *** MASS SUMMARY BY ELEMENT TYPE ***

  TYPE      MASS
     1  0.785000E-08

 Range of element maximum matrix coefficients in global coordinates
 Maximum = 15194.6819 at element 1.                                      
 Minimum = 15194.6819 at element 1728.                                   

   *** ELEMENT MATRIX FORMULATION TIMES
     TYPE    NUMBER   ENAME      TOTAL CP  AVE CP

        1      1728  SOLID186      0.422   0.000244
        2       144  CONTA174      0.016   0.000109
        3         1  TARGE170      0.000   0.000000
 Time at end of element matrix formulation CP = 1.5.                     

 *** NOTE ***                            CP =       1.656   TIME= 15:55:06
 The initial memory allocation (-m) has been exceeded.                   
  Supplemental memory allocations are being used.                        

 DISTRIBUTED SPARSE MATRIX DIRECT SOLVER.
  Number of equations =       24842,    Maximum wavefront =    486

  Process memory allocated for solver              =    81.996 MB
  Process memory required for in-core solution     =    78.581 MB
  Process memory required for out-of-core solution =    49.666 MB

  Total memory allocated for solver                =   368.678 MB
  Total memory required for in-core solution       =   353.540 MB
  Total memory required for out-of-core solution   =   181.584 MB

 *** NOTE ***                            CP =       1.828   TIME= 15:55:06
 The Distributed Sparse Matrix Solver is currently running in the        
 in-core memory mode.  This memory mode uses the most amount of memory   
 in order to avoid using the hard drive as much as possible, which most  
 often results in the fastest solution time.  This mode is recommended   
 if enough physical memory is present to accommodate all of the solver   
 data.                                                                   
 Distributed sparse solver maximum pivot= 60778.7276 at node 3346 UY.    
 Distributed sparse solver minimum pivot= -4.906396498E-06 at node 4424  
 UZ.                                                                     
 Distributed sparse solver minimum pivot in absolute value=              
 2.969183264E-09 at node 660 UZ.                                         

 *** ERROR ***                           CP =       3.078   TIME= 15:55:08
 There is at least 1 small equation solver pivot term (e.g., at the UZ   
 degree of freedom of node 660).  Please check for an insufficiently     
 constrained model.                                                      


 NUMBER OF WARNING MESSAGES ENCOUNTERED=          2
 NUMBER OF ERROR   MESSAGES ENCOUNTERED=          1



 ***** PROBLEM TERMINATED BY INDICATED ERROR(S) OR BY END OF INPUT DATA *****

+--------------------- M A P D L   S T A T I S T I C S ------------------------+

Release: 2023 R1            Build: 23.1       Update: UP20221128   Platform: WINDOWS x64 
Date Run: 02/16/2023   Time: 15:55     Process ID: 14020
Operating System: Windows 10  (Build: 19041)

Processor Model:       Intel(R) Core(TM) i7-3720QM CPU @ 2.60GHz

Compiler: Intel(R) Fortran Compiler Version 19.0.5  (Build: 20190815)
          Intel(R) C/C++ Compiler Version 19.0.5  (Build: 20190815)
          Intel(R) Math Kernel Library Version 2020.0.0 Product Build 20191125
          BLAS Library supplied by Intel(R) MKL

Number of machines requested            :    1
Total number of cores available         :    8
Number of physical cores available      :    4
Number of processes requested           :    4
Number of threads per process requested :    1
Total number of cores requested         :    4 (Distributed Memory Parallel)               
MPI Type: INTELMPI
MPI Version: Intel(R) MPI Library 2021.5 for Windows* OS


GPU Acceleration: Not Requested

Job Name: file0
Input File: dummy.dat

  Core                Machine Name   Working Directory
 -----------------------------------------------------
     0                      SEGmbu   C:\Users\user\AppData\Local\Temp\WB_user_5240_2\_ProjectScratch\Scr2537
     1                      SEGmbu   C:\Users\user\AppData\Local\Temp\WB_user_5240_2\_ProjectScratch\Scr2537
     2                      SEGmbu   C:\Users\user\AppData\Local\Temp\WB_user_5240_2\_ProjectScratch\Scr2537
     3                      SEGmbu   C:\Users\user\AppData\Local\Temp\WB_user_5240_2\_ProjectScratch\Scr2537
 
Latency time from master to core     1 =   14.815 microseconds
Latency time from master to core     2 =   15.749 microseconds
Latency time from master to core     3 =   14.775 microseconds
 
Communication speed from master to core     1 =  3995.11 MB/sec
Communication speed from master to core     2 =  3682.12 MB/sec
Communication speed from master to core     3 =  4079.47 MB/sec

Total CPU time for main thread                    :        2.7 seconds
Total CPU time summed for all threads             :        3.2 seconds

Elapsed time spent obtaining a license            :        0.4 seconds
Elapsed time spent pre-processing model (/PREP7)  :        0.0 seconds
Elapsed time spent solution - preprocessing       :        0.1 seconds
Elapsed time spent computing solution             :        1.9 seconds
Elapsed time spent solution - postprocessing      :        0.0 seconds
Elapsed time spent post-processing model (/POST1) :        0.0 seconds
 
Equation solver used                              :            Sparse (symmetric)
Equation solver computational rate                :       28.1 Gflops

Sum of memory used on all processes               :      593.0 MB
Sum of memory allocated on all processes          :     2351.0 MB
Physical memory available                         :         16 GB

Total amount of I/O written to disk               :        0.0 GB
Total amount of I/O read from disk                :        0.0 GB

+------------------ E N D   M A P D L   S T A T I S T I C S -------------------+


 *-----------------------------------------------------------------------------*
 |                                                                             |
 |                               RUN COMPLETED                                 |
 |                                                                             |
 |-----------------------------------------------------------------------------|
 |                                                                             |
 |  Ansys MAPDL 2023 R1         Build 23.1         UP20221128    WINDOWS x64   |
 |                                                                             |
 |-----------------------------------------------------------------------------|
 |                                                                             |
 |  Database Requested(-db)     1500 MB     Scratch Memory Requested     50 MB |
 |  Max Database Used(Master)      5 MB     Max Scratch Used(Master)    148 MB |
 |  Max Database Used(Workers)     1 MB     Max Scratch Used(Workers)   156 MB |
 |  Sum Database Used(All)         8 MB     Sum Scratch Used(All)       585 MB |
 |                                                                             |
 |-----------------------------------------------------------------------------|
 |                                                                             |
 |        CP Time      (sec) =          3.188       Time  =  15:55:08          |
 |        Elapsed Time (sec) =          4.000       Date  =  02/16/2023        |
 |                                                                             |
 *-----------------------------------------------------------------------------*
